mode: set
github.com/zitadel/zitadel-tools/cmd/migration/auth0/migration.go:16.54,18.3 1 0
github.com/zitadel/zitadel-tools/cmd/migration/auth0/migration.go:27.13,31.2 3 1
github.com/zitadel/zitadel-tools/cmd/migration/auth0/migration.go:53.22,57.16 3 1
github.com/zitadel/zitadel-tools/cmd/migration/auth0/migration.go:57.16,59.3 1 1
github.com/zitadel/zitadel-tools/cmd/migration/auth0/migration.go:61.2,62.16 2 1
github.com/zitadel/zitadel-tools/cmd/migration/auth0/migration.go:62.16,64.3 1 1
github.com/zitadel/zitadel-tools/cmd/migration/auth0/migration.go:66.2,69.16 3 1
github.com/zitadel/zitadel-tools/cmd/migration/auth0/migration.go:69.16,71.3 1 1
github.com/zitadel/zitadel-tools/cmd/migration/auth0/migration.go:72.2,73.12 2 1
github.com/zitadel/zitadel-tools/cmd/migration/auth0/migration.go:76.76,78.26 2 1
github.com/zitadel/zitadel-tools/cmd/migration/auth0/migration.go:78.26,81.21 2 1
github.com/zitadel/zitadel-tools/cmd/migration/auth0/migration.go:81.21,83.4 1 1
github.com/zitadel/zitadel-tools/cmd/migration/auth0/migration.go:86.3,90.22 3 1
github.com/zitadel/zitadel-tools/cmd/migration/auth0/migration.go:90.22,91.20 1 1
github.com/zitadel/zitadel-tools/cmd/migration/auth0/migration.go:91.20,93.5 1 1
github.com/zitadel/zitadel-tools/cmd/migration/auth0/migration.go:93.10,96.5 1 1
github.com/zitadel/zitadel-tools/cmd/migration/auth0/migration.go:98.3,98.21 1 1
github.com/zitadel/zitadel-tools/cmd/migration/auth0/migration.go:98.21,99.20 1 1
github.com/zitadel/zitadel-tools/cmd/migration/auth0/migration.go:99.20,101.5 1 1
github.com/zitadel/zitadel-tools/cmd/migration/auth0/migration.go:101.10,104.5 1 1
github.com/zitadel/zitadel-tools/cmd/migration/auth0/migration.go:108.3,108.21 1 1
github.com/zitadel/zitadel-tools/cmd/migration/auth0/migration.go:108.21,110.4 1 1
github.com/zitadel/zitadel-tools/cmd/migration/auth0/migration.go:112.3,125.4 1 1
github.com/zitadel/zitadel-tools/cmd/migration/auth0/migration.go:128.2,128.15 1 1
github.com/zitadel/zitadel-tools/cmd/migration/auth0/migration.go:131.65,132.30 1 1
github.com/zitadel/zitadel-tools/cmd/migration/auth0/migration.go:132.30,133.27 1 1
github.com/zitadel/zitadel-tools/cmd/migration/auth0/migration.go:133.27,135.4 1 1
github.com/zitadel/zitadel-tools/cmd/migration/auth0/migration.go:137.2,137.11 1 1
github.com/zitadel/zitadel-tools/cmd/migration/auth0/migration.go:143.65,144.23 1 1
github.com/zitadel/zitadel-tools/cmd/migration/auth0/migration.go:144.23,146.3 1 1
github.com/zitadel/zitadel-tools/cmd/migration/auth0/migration.go:149.2,154.21 3 1
github.com/zitadel/zitadel-tools/cmd/migration/auth0/migration.go:154.21,156.3 1 0
github.com/zitadel/zitadel-tools/cmd/migration/auth0/migration.go:158.2,175.65 3 1
github.com/zitadel/zitadel-tools/cmd/migration/auth0/migration.go:175.65,177.3 1 1
github.com/zitadel/zitadel-tools/cmd/migration/auth0/migration.go:180.2,180.11 1 1
